[     226ms] [INFO] %cDownload the React DevTools for a better development experience: https://react.dev/link/react-devtools font-weight:bold @ http://localhost:3000/_next/static/chunks/0z~i_next_dist_080cxwf._.js:2477
[     317ms] [LOG] [HMR] connected @ http://localhost:3000/_next/static/chunks/0z~i_next_dist_080cxwf._.js:2477
[     704ms] [WARNING] Image with src "/images/logo-jiexin.png" was detected as the Largest Contentful Paint (LCP). Please add the `loading="eager"` property if this image is above the fold.
Read more: https://nextjs.org/docs/app/api-reference/components/image#loading @ http://localhost:3000/_next/static/chunks/0z~i_next_dist_080cxwf._.js:2477
[   12083ms] [LOG] [Fast Refresh] rebuilding @ http://localhost:3000/_next/static/chunks/0z~i_next_dist_080cxwf._.js:2477
[   12172ms] [LOG] [Fast Refresh] done in 48ms @ http://localhost:3000/_next/static/chunks/0z~i_next_dist_080cxwf._.js:2477
[   27765ms] [LOG] [Fast Refresh] rebuilding @ http://localhost:3000/_next/static/chunks/0z~i_next_dist_080cxwf._.js:2477
[   28008ms] [LOG] [Fast Refresh] done in 54ms @ http://localhost:3000/_next/static/chunks/0z~i_next_dist_080cxwf._.js:2477
[   57227ms] [LOG] [Fast Refresh] rebuilding @ http://localhost:3000/_next/static/chunks/0z~i_next_dist_080cxwf._.js:2477
[   57353ms] [LOG] [Fast Refresh] done in 121ms @ http://localhost:3000/_next/static/chunks/0z~i_next_dist_080cxwf._.js:2477
[   87525ms] [LOG] [Fast Refresh] rebuilding @ http://localhost:3000/_next/static/chunks/0z~i_next_dist_080cxwf._.js:2477
[   87538ms] [LOG] [Fast Refresh] done in 64ms @ http://localhost:3000/_next/static/chunks/0z~i_next_dist_080cxwf._.js:2477
[   97885ms] [LOG] [Fast Refresh] rebuilding @ http://localhost:3000/_next/static/chunks/0z~i_next_dist_080cxwf._.js:2477
[   97952ms] Error: Image with src "/images/logo-jiexin.png" is missing required "width" property.
    at getImgProps (http://localhost:3000/_next/static/chunks/0z~i_next_0v124gv._.js:672:49)
    at http://localhost:3000/_next/static/chunks/0z~i_next_0v124gv._.js:3439:82
    at Object.react_stack_bottom_frame (http://localhost:3000/_next/static/chunks/0z~i_next_dist_compiled_react-dom_0-pjtxe._.js:15037:24)
    at renderWithHooks (http://localhost:3000/_next/static/chunks/0z~i_next_dist_compiled_react-dom_0-pjtxe._.js:4620:24)
    at updateForwardRef (http://localhost:3000/_next/static/chunks/0z~i_next_dist_compiled_react-dom_0-pjtxe._.js:5908:21)
    at beginWork (http://localhost:3000/_next/static/chunks/0z~i_next_dist_compiled_react-dom_0-pjtxe._.js:6766:24)
    at runWithFiberInDEV (http://localhost:3000/_next/static/chunks/0z~i_next_dist_compiled_react-dom_0-pjtxe._.js:965:74)
    at performUnitOfWork (http://localhost:3000/_next/static/chunks/0z~i_next_dist_compiled_react-dom_0-pjtxe._.js:9555:97)
    at workLoopSync (http://localhost:3000/_next/static/chunks/0z~i_next_dist_compiled_react-dom_0-pjtxe._.js:9449:40)
    at renderRootSync (http://localhost:3000/_next/static/chunks/0z~i_next_dist_compiled_react-dom_0-pjtxe._.js:9433:13)
    at performWorkOnRoot (http://localhost:3000/_next/static/chunks/0z~i_next_dist_compiled_react-dom_0-pjtxe._.js:9098:47)
    at performSyncWorkOnRoot (http://localhost:3000/_next/static/chunks/0z~i_next_dist_compiled_react-dom_0-pjtxe._.js:10263:9)
    at flushSyncWorkAcrossRoots_impl (http://localhost:3000/_next/static/chunks/0z~i_next_dist_compiled_react-dom_0-pjtxe._.js:10179:316)
    at flushSyncWork$1 (http://localhost:3000/_next/static/chunks/0z~i_next_dist_compiled_react-dom_0-pjtxe._.js:9230:86)
    at Object.scheduleRefresh (http://localhost:3000/_next/static/chunks/0z~i_next_dist_compiled_react-dom_0-pjtxe._.js:299:13)
    at http://localhost:3000/_next/static/chunks/0z~i_next_dist_compiled_0fds868._.js:391:33
    at Set.forEach (<anonymous>)
    at Object.performReactRefresh (http://localhost:3000/_next/static/chunks/0z~i_next_dist_compiled_0fds868._.js:384:38)
    at applyUpdate (http://localhost:3000/_next/static/chunks/0z~i_next_dist_compiled_0fds868._.js:878:31)
    at http://localhost:3000/_next/static/chunks/0z~i_next_dist_compiled_0fds868._.js:886:13
[   97929ms] [LOG] [Fast Refresh] done in 47ms @ http://localhost:3000/_next/static/chunks/0z~i_next_dist_080cxwf._.js:2477
[   98125ms] [LOG] [Fast Refresh] rebuilding @ http://localhost:3000/_next/static/chunks/0z~i_next_dist_080cxwf._.js:2477
[   98444ms] [LOG] [Fast Refresh] done in 419ms @ http://localhost:3000/_next/static/chunks/0z~i_next_dist_080cxwf._.js:2477
[   98562ms] [LOG] [Fast Refresh] rebuilding @ http://localhost:3000/_next/static/chunks/0z~i_next_dist_080cxwf._.js:2477
[   98576ms] [LOG] [Fast Refresh] done in 116ms @ http://localhost:3000/_next/static/chunks/0z~i_next_dist_080cxwf._.js:2477
[  101890ms] [LOG] [Fast Refresh] rebuilding @ http://localhost:3000/_next/static/chunks/0z~i_next_dist_080cxwf._.js:2477
[  101893ms] [WARNING] [Fast Refresh] performing full reload because your application had an unrecoverable error @ http://localhost:3000/_next/static/chunks/0z~i_next_dist_080cxwf._.js:2477
[  102051ms] [LOG] [Fast Refresh] done in 79ms @ http://localhost:3000/_next/static/chunks/0z~i_next_dist_080cxwf._.js:2477
[  102981ms] [INFO] %cDownload the React DevTools for a better development experience: https://react.dev/link/react-devtools font-weight:bold @ http://localhost:3000/_next/static/chunks/0z~i_next_dist_080cxwf._.js:2477
[  103092ms] [LOG] [HMR] connected @ http://localhost:3000/_next/static/chunks/0z~i_next_dist_080cxwf._.js:2477
